# JRE version: OpenJDK Runtime Environment (17.0.6) (build 17.0.6+0-b2043.56-9586694)
# Java VM: OpenJDK 64-Bit Server VM (17.0.6+0-b2043.56-9586694, mixed mode, tiered, compressed oops, compressed class ptrs, g1 gc, windows-amd64)
GC Precious Log:
 CPUs: 4 total, 4 available
 Memory: 3819M
 Large Page Support: Disabled
 NUMA Support: Disabled
 Compressed Oops: Enabled (32-bit)
 Heap Region Size: 1M
 Heap Min Capacity: 8M
 Heap Initial Capacity: 60M
 Heap Max Capacity: 2G
 Pre-touch: Disabled
 Parallel Workers: 4
 Concurrent Workers: 1
 Concurrent Refinement Workers: 4
 Periodic GC: Disabled
Heap:
 garbage-first heap   total 285696K, used 147066K [0x0000000080000000, 0x0000000100000000)
  region size 1024K, 9 young (9216K), 9 survivors (9216K)
 Metaspace       used 127393K, committed 128256K, reserved 1163264K
  class space    used 17296K, committed 17728K, reserved 1048576K
GC Heap History (20 events):
Event: 35.168 GC heap after
{Heap after GC invocations=46 (full 0):
 garbage-first heap   total 243712K, used 112939K [0x0000000080000000, 0x0000000100000000)
  region size 1024K, 10 young (10240K), 10 survivors (10240K)
 Metaspace       used 100313K, committed 100992K, reserved 1138688K
  class space    used 13501K, committed 13824K, reserved 1048576K
}
Event: 37.085 GC heap before
{Heap before GC invocations=46 (full 0):
 garbage-first heap   total 243712K, used 189739K [0x0000000080000000, 0x0000000100000000)
  region size 1024K, 86 young (88064K), 10 survivors (10240K)
 Metaspace       used 104989K, committed 105728K, reserved 1146880K
  class space    used 14141K, committed 14464K, reserved 1048576K
}
Event: 37.102 GC heap after
{Heap after GC invocations=47 (full 0):
 garbage-first heap   total 243712K, used 110457K [0x0000000080000000, 0x0000000100000000)
  region size 1024K, 5 young (5120K), 5 survivors (5120K)
 Metaspace       used 104989K, committed 105728K, reserved 1146880K
  class space    used 14141K, committed 14464K, reserved 1048576K
}
Event: 38.619 GC heap before
{Heap before GC invocations=47 (full 0):
 garbage-first heap   total 243712K, used 191353K [0x0000000080000000, 0x0000000100000000)
  region size 1024K, 85 young (87040K), 5 survivors (5120K)
 Metaspace       used 116757K, committed 117504K, reserved 1155072K
  class space    used 15981K, committed 16320K, reserved 1048576K
}
Event: 38.632 GC heap after
{Heap after GC invocations=48 (full 0):
 garbage-first heap   total 243712K, used 113441K [0x0000000080000000, 0x0000000100000000)
  region size 1024K, 8 young (8192K), 8 survivors (8192K)
 Metaspace       used 116757K, committed 117504K, reserved 1155072K
  class space    used 15981K, committed 16320K, reserved 1048576K
}
Event: 40.014 GC heap before
{Heap before GC invocations=48 (full 0):
 garbage-first heap   total 243712K, used 192289K [0x0000000080000000, 0x0000000100000000)
  region size 1024K, 87 young (89088K), 8 survivors (8192K)
 Metaspace       used 119194K, committed 119936K, reserved 1155072K
  class space    used 16392K, committed 16704K, reserved 1048576K
}
Event: 40.038 GC heap after
{Heap after GC invocations=49 (full 0):
 garbage-first heap   total 243712K, used 117141K [0x0000000080000000, 0x0000000100000000)
  region size 1024K, 8 young (8192K), 8 survivors (8192K)
 Metaspace       used 119194K, committed 119936K, reserved 1155072K
  class space    used 16392K, committed 16704K, reserved 1048576K
}
Event: 137.545 GC heap before
{Heap before GC invocations=50 (full 0):
 garbage-first heap   total 243712K, used 216469K [0x0000000080000000, 0x0000000100000000)
  region size 1024K, 88 young (90112K), 8 survivors (8192K)
 Metaspace       used 125364K, committed 126208K, reserved 1163264K
  class space    used 17237K, committed 17664K, reserved 1048576K
}
Event: 137.851 GC heap after
{Heap after GC invocations=51 (full 0):
 garbage-first heap   total 243712K, used 124357K [0x0000000080000000, 0x0000000100000000)
  region size 1024K, 11 young (11264K), 11 survivors (11264K)
 Metaspace       used 125364K, committed 126208K, reserved 1163264K
  class space    used 17237K, committed 17664K, reserved 1048576K
}
Event: 138.115 GC heap before
{Heap before GC invocations=51 (full 0):
 garbage-first heap   total 243712K, used 125381K [0x0000000080000000, 0x0000000100000000)
  region size 1024K, 12 young (12288K), 11 survivors (11264K)
 Metaspace       used 125377K, committed 126272K, reserved 1163264K
  class space    used 17237K, committed 17664K, reserved 1048576K
}
Event: 138.347 GC heap after
{Heap after GC invocations=52 (full 0):
 garbage-first heap   total 243712K, used 123558K [0x0000000080000000, 0x0000000100000000)
  region size 1024K, 1 young (1024K), 1 survivors (1024K)
 Metaspace       used 125377K, committed 126272K, reserved 1163264K
  class space    used 17237K, committed 17664K, reserved 1048576K
}
Event: 149.959 GC heap before
{Heap before GC invocations=52 (full 0):
 garbage-first heap   total 243712K, used 203430K [0x0000000080000000, 0x0000000100000000)
  region size 1024K, 74 young (75776K), 1 survivors (1024K)
 Metaspace       used 126077K, committed 126912K, reserved 1163264K
  class space    used 17266K, committed 17664K, reserved 1048576K
}
Event: 150.034 GC heap after
{Heap after GC invocations=53 (full 0):
 garbage-first heap   total 243712K, used 143827K [0x0000000080000000, 0x0000000100000000)
  region size 1024K, 10 young (10240K), 10 survivors (10240K)
 Metaspace       used 126077K, committed 126912K, reserved 1163264K
  class space    used 17266K, committed 17664K, reserved 1048576K
}
Event: 152.189 GC heap before
{Heap before GC invocations=53 (full 0):
 garbage-first heap   total 285696K, used 169427K [0x0000000080000000, 0x0000000100000000)
  region size 1024K, 38 young (38912K), 10 survivors (10240K)
 Metaspace       used 126361K, committed 127232K, reserved 1163264K
  class space    used 17262K, committed 17664K, reserved 1048576K
}
Event: 152.227 GC heap after
{Heap after GC invocations=54 (full 0):
 garbage-first heap   total 285696K, used 140249K [0x0000000080000000, 0x0000000100000000)
  region size 1024K, 5 young (5120K), 5 survivors (5120K)
 Metaspace       used 126361K, committed 127232K, reserved 1163264K
  class space    used 17262K, committed 17664K, reserved 1048576K
}
Event: 746.530 GC heap before
{Heap before GC invocations=55 (full 0):
 garbage-first heap   total 285696K, used 231385K [0x0000000080000000, 0x0000000100000000)
  region size 1024K, 77 young (78848K), 5 survivors (5120K)
 Metaspace       used 127124K, committed 128064K, reserved 1163264K
  class space    used 17289K, committed 17728K, reserved 1048576K
}
Event: 746.678 GC heap after
{Heap after GC invocations=56 (full 0):
 garbage-first heap   total 285696K, used 143846K [0x0000000080000000, 0x0000000100000000)
  region size 1024K, 9 young (9216K), 9 survivors (9216K)
 Metaspace       used 127124K, committed 128064K, reserved 1163264K
  class space    used 17289K, committed 17728K, reserved 1048576K
}
Event: 746.855 GC heap before
{Heap before GC invocations=56 (full 0):
 garbage-first heap   total 285696K, used 147942K [0x0000000080000000, 0x0000000100000000)
  region size 1024K, 13 young (13312K), 9 survivors (9216K)
 Metaspace       used 127139K, committed 128064K, reserved 1163264K
  class space    used 17290K, committed 17728K, reserved 1048576K
}
Event: 746.982 GC heap after
{Heap after GC invocations=57 (full 0):
 garbage-first heap   total 285696K, used 139763K [0x0000000080000000, 0x0000000100000000)
  region size 1024K, 2 young (2048K), 2 survivors (2048K)
 Metaspace       used 127139K, committed 128064K, reserved 1163264K
  class space    used 17290K, committed 17728K, reserved 1048576K
}
Event: 750.380 GC heap before
{Heap before GC invocations=57 (full 0):
 garbage-first heap   total 285696K, used 187891K [0x0000000080000000, 0x0000000100000000)
  region size 1024K, 51 young (52224K), 2 survivors (2048K)
 Metaspace       used 127393K, committed 128256K, reserved 1163264K
  class space    used 17296K, committed 17728K, reserved 1048576K
}

