# JRE version: OpenJDK Runtime Environment (17.0.6) (build 17.0.6+0-b2043.56-9586694)
# Java VM: OpenJDK 64-Bit Server VM (17.0.6+0-b2043.56-9586694, mixed mode, tiered, compressed oops, compressed class ptrs, g1 gc, windows-amd64)
GC Precious Log:
 CPUs: 4 total, 4 available
 Memory: 3819M
 Large Page Support: Disabled
 NUMA Support: Disabled
 Compressed Oops: Enabled (32-bit)
 Heap Region Size: 1M
 Heap Min Capacity: 8M
 Heap Initial Capacity: 60M
 Heap Max Capacity: 2G
 Pre-touch: Disabled
 Parallel Workers: 4
 Concurrent Workers: 1
 Concurrent Refinement Workers: 4
 Periodic GC: Disabled
Heap:
 garbage-first heap   total 113664K, used 85585K [0x0000000080000000, 0x0000000100000000)
  region size 1024K, 46 young (47104K), 7 survivors (7168K)
 Metaspace       used 62871K, committed 63360K, reserved 1105920K
  class space    used 8267K, committed 8512K, reserved 1048576K
GC Heap History (20 events):
Event: 10.971 GC heap before
{Heap before GC invocations=8 (full 0):
 garbage-first heap   total 61440K, used 43937K [0x0000000080000000, 0x0000000100000000)
  region size 1024K, 24 young (24576K), 1 survivors (1024K)
 Metaspace       used 28990K, committed 29312K, reserved 1081344K
  class space    used 3887K, committed 4032K, reserved 1048576K
}
Event: 10.980 GC heap after
{Heap after GC invocations=9 (full 0):
 garbage-first heap   total 61440K, used 21642K [0x0000000080000000, 0x0000000100000000)
  region size 1024K, 2 young (2048K), 2 survivors (2048K)
 Metaspace       used 28990K, committed 29312K, reserved 1081344K
  class space    used 3887K, committed 4032K, reserved 1048576K
}
Event: 12.308 GC heap before
{Heap before GC invocations=9 (full 0):
 garbage-first heap   total 61440K, used 45194K [0x0000000080000000, 0x0000000100000000)
  region size 1024K, 25 young (25600K), 2 survivors (2048K)
 Metaspace       used 32342K, committed 32640K, reserved 1081344K
  class space    used 4416K, committed 4544K, reserved 1048576K
}
Event: 12.318 GC heap after
{Heap after GC invocations=10 (full 0):
 garbage-first heap   total 61440K, used 22812K [0x0000000080000000, 0x0000000100000000)
  region size 1024K, 3 young (3072K), 3 survivors (3072K)
 Metaspace       used 32342K, committed 32640K, reserved 1081344K
  class space    used 4416K, committed 4544K, reserved 1048576K
}
Event: 13.818 GC heap before
{Heap before GC invocations=10 (full 0):
 garbage-first heap   total 61440K, used 39196K [0x0000000080000000, 0x0000000100000000)
  region size 1024K, 21 young (21504K), 3 survivors (3072K)
 Metaspace       used 35771K, committed 36096K, reserved 1081344K
  class space    used 4887K, committed 5056K, reserved 1048576K
}
Event: 13.835 GC heap after
{Heap after GC invocations=11 (full 0):
 garbage-first heap   total 61440K, used 24778K [0x0000000080000000, 0x0000000100000000)
  region size 1024K, 4 young (4096K), 4 survivors (4096K)
 Metaspace       used 35771K, committed 36096K, reserved 1081344K
  class space    used 4887K, committed 5056K, reserved 1048576K
}
Event: 14.986 GC heap before
{Heap before GC invocations=12 (full 0):
 garbage-first heap   total 61440K, used 46282K [0x0000000080000000, 0x0000000100000000)
  region size 1024K, 26 young (26624K), 4 survivors (4096K)
 Metaspace       used 40652K, committed 40960K, reserved 1089536K
  class space    used 5370K, committed 5504K, reserved 1048576K
}
Event: 15.004 GC heap after
{Heap after GC invocations=13 (full 0):
 garbage-first heap   total 61440K, used 28120K [0x0000000080000000, 0x0000000100000000)
  region size 1024K, 4 young (4096K), 4 survivors (4096K)
 Metaspace       used 40652K, committed 40960K, reserved 1089536K
  class space    used 5370K, committed 5504K, reserved 1048576K
}
Event: 15.546 GC heap before
{Heap before GC invocations=13 (full 0):
 garbage-first heap   total 61440K, used 50648K [0x0000000080000000, 0x0000000100000000)
  region size 1024K, 23 young (23552K), 4 survivors (4096K)
 Metaspace       used 42407K, committed 42752K, reserved 1089536K
  class space    used 5520K, committed 5632K, reserved 1048576K
}
Event: 15.559 GC heap after
{Heap after GC invocations=14 (full 0):
 garbage-first heap   total 61440K, used 29978K [0x0000000080000000, 0x0000000100000000)
  region size 1024K, 3 young (3072K), 3 survivors (3072K)
 Metaspace       used 42407K, committed 42752K, reserved 1089536K
  class space    used 5520K, committed 5632K, reserved 1048576K
}
Event: 16.098 GC heap before
{Heap before GC invocations=14 (full 0):
 garbage-first heap   total 61440K, used 47386K [0x0000000080000000, 0x0000000100000000)
  region size 1024K, 20 young (20480K), 3 survivors (3072K)
 Metaspace       used 43204K, committed 43520K, reserved 1089536K
  class space    used 5647K, committed 5760K, reserved 1048576K
}
Event: 16.109 GC heap after
{Heap after GC invocations=15 (full 0):
 garbage-first heap   total 61440K, used 31891K [0x0000000080000000, 0x0000000100000000)
  region size 1024K, 2 young (2048K), 2 survivors (2048K)
 Metaspace       used 43204K, committed 43520K, reserved 1089536K
  class space    used 5647K, committed 5760K, reserved 1048576K
}
Event: 17.122 GC heap before
{Heap before GC invocations=16 (full 0):
 garbage-first heap   total 61440K, used 47251K [0x0000000080000000, 0x0000000100000000)
  region size 1024K, 18 young (18432K), 2 survivors (2048K)
 Metaspace       used 45070K, committed 45504K, reserved 1089536K
  class space    used 5940K, committed 6144K, reserved 1048576K
}
Event: 17.132 GC heap after
{Heap after GC invocations=17 (full 0):
 garbage-first heap   total 61440K, used 33563K [0x0000000080000000, 0x0000000100000000)
  region size 1024K, 2 young (2048K), 2 survivors (2048K)
 Metaspace       used 45070K, committed 45504K, reserved 1089536K
  class space    used 5940K, committed 6144K, reserved 1048576K
}
Event: 17.607 GC heap before
{Heap before GC invocations=17 (full 0):
 garbage-first heap   total 61440K, used 40731K [0x0000000080000000, 0x0000000100000000)
  region size 1024K, 11 young (11264K), 2 survivors (2048K)
 Metaspace       used 46321K, committed 46656K, reserved 1089536K
  class space    used 6130K, committed 6272K, reserved 1048576K
}
Event: 17.617 GC heap after
{Heap after GC invocations=18 (full 0):
 garbage-first heap   total 113664K, used 34197K [0x0000000080000000, 0x0000000100000000)
  region size 1024K, 3 young (3072K), 3 survivors (3072K)
 Metaspace       used 46321K, committed 46656K, reserved 1089536K
  class space    used 6130K, committed 6272K, reserved 1048576K
}
Event: 21.721 GC heap before
{Heap before GC invocations=18 (full 0):
 garbage-first heap   total 113664K, used 83349K [0x0000000080000000, 0x0000000100000000)
  region size 1024K, 50 young (51200K), 3 survivors (3072K)
 Metaspace       used 51649K, committed 52032K, reserved 1097728K
  class space    used 6807K, committed 6976K, reserved 1048576K
}
Event: 21.743 GC heap after
{Heap after GC invocations=19 (full 0):
 garbage-first heap   total 113664K, used 36765K [0x0000000080000000, 0x0000000100000000)
  region size 1024K, 5 young (5120K), 5 survivors (5120K)
 Metaspace       used 51649K, committed 52032K, reserved 1097728K
  class space    used 6807K, committed 6976K, reserved 1048576K
}
Event: 24.557 GC heap before
{Heap before GC invocations=19 (full 0):
 garbage-first heap   total 113664K, used 88989K [0x0000000080000000, 0x0000000100000000)
  region size 1024K, 54 young (55296K), 5 survivors (5120K)
 Metaspace       used 55899K, committed 56320K, reserved 1105920K
  class space    used 7381K, committed 7552K, reserved 1048576K
}
Event: 24.578 GC heap after
{Heap after GC invocations=20 (full 0):
 garbage-first heap   total 113664K, used 45649K [0x0000000080000000, 0x0000000100000000)
  region size 1024K, 7 young (7168K), 7 survivors (7168K)
 Metaspace       used 55899K, committed 56320K, reserved 1105920K
  class space    used 7381K, committed 7552K, reserved 1048576K
}

