# JRE version: OpenJDK Runtime Environment (17.0.6) (build 17.0.6+0-b2043.56-9586694)
# Java VM: OpenJDK 64-Bit Server VM (17.0.6+0-b2043.56-9586694, mixed mode, tiered, compressed oops, compressed class ptrs, g1 gc, windows-amd64)
GC Precious Log:
 CPUs: 4 total, 4 available
 Memory: 3819M
 Large Page Support: Disabled
 NUMA Support: Disabled
 Compressed Oops: Enabled (32-bit)
 Heap Region Size: 1M
 Heap Min Capacity: 8M
 Heap Initial Capacity: 60M
 Heap Max Capacity: 2G
 Pre-touch: Disabled
 Parallel Workers: 4
 Concurrent Workers: 1
 Concurrent Refinement Workers: 4
 Periodic GC: Disabled
Heap:
 garbage-first heap   total 285696K, used 129427K [0x0000000080000000, 0x0000000100000000)
  region size 1024K, 5 young (5120K), 5 survivors (5120K)
 Metaspace       used 130654K, committed 131456K, reserved 1163264K
  class space    used 17361K, committed 17728K, reserved 1048576K
GC Heap History (20 events):
Event: 7877.653 GC heap after
{Heap after GC invocations=44 (full 0):
 garbage-first heap   total 283648K, used 116830K [0x0000000080000000, 0x0000000100000000)
  region size 1024K, 1 young (1024K), 1 survivors (1024K)
 Metaspace       used 128249K, committed 129088K, reserved 1163264K
  class space    used 17274K, committed 17664K, reserved 1048576K
}
Event: 8517.286 GC heap before
{Heap before GC invocations=44 (full 0):
 garbage-first heap   total 283648K, used 129118K [0x0000000080000000, 0x0000000100000000)
  region size 1024K, 13 young (13312K), 1 survivors (1024K)
 Metaspace       used 128249K, committed 129088K, reserved 1163264K
  class space    used 17274K, committed 17664K, reserved 1048576K
}
Event: 8517.627 GC heap after
{Heap after GC invocations=45 (full 0):
 garbage-first heap   total 283648K, used 115048K [0x0000000080000000, 0x0000000100000000)
  region size 1024K, 1 young (1024K), 1 survivors (1024K)
 Metaspace       used 128249K, committed 129088K, reserved 1163264K
  class space    used 17274K, committed 17664K, reserved 1048576K
}
Event: 9164.825 GC heap before
{Heap before GC invocations=45 (full 0):
 garbage-first heap   total 283648K, used 126312K [0x0000000080000000, 0x0000000100000000)
  region size 1024K, 13 young (13312K), 1 survivors (1024K)
 Metaspace       used 128249K, committed 129088K, reserved 1163264K
  class space    used 17274K, committed 17664K, reserved 1048576K
}
Event: 9165.064 GC heap after
{Heap after GC invocations=46 (full 0):
 garbage-first heap   total 283648K, used 113448K [0x0000000080000000, 0x0000000100000000)
  region size 1024K, 1 young (1024K), 1 survivors (1024K)
 Metaspace       used 128249K, committed 129088K, reserved 1163264K
  class space    used 17274K, committed 17664K, reserved 1048576K
}
Event: 9489.248 GC heap before
{Heap before GC invocations=46 (full 0):
 garbage-first heap   total 283648K, used 180008K [0x0000000080000000, 0x0000000100000000)
  region size 1024K, 66 young (67584K), 1 survivors (1024K)
 Metaspace       used 128579K, committed 129536K, reserved 1163264K
  class space    used 17318K, committed 17728K, reserved 1048576K
}
Event: 9489.549 GC heap after
{Heap after GC invocations=47 (full 0):
 garbage-first heap   total 283648K, used 120474K [0x0000000080000000, 0x0000000100000000)
  region size 1024K, 8 young (8192K), 8 survivors (8192K)
 Metaspace       used 128579K, committed 129536K, reserved 1163264K
  class space    used 17318K, committed 17728K, reserved 1048576K
}
Event: 9495.417 GC heap before
{Heap before GC invocations=48 (full 0):
 garbage-first heap   total 283648K, used 124570K [0x0000000080000000, 0x0000000100000000)
  region size 1024K, 17 young (17408K), 8 survivors (8192K)
 Metaspace       used 128511K, committed 129536K, reserved 1163264K
  class space    used 17300K, committed 17728K, reserved 1048576K
}
Event: 9495.596 GC heap after
{Heap after GC invocations=49 (full 0):
 garbage-first heap   total 283648K, used 116784K [0x0000000080000000, 0x0000000100000000)
  region size 1024K, 2 young (2048K), 2 survivors (2048K)
 Metaspace       used 128511K, committed 129536K, reserved 1163264K
  class space    used 17300K, committed 17728K, reserved 1048576K
}
Event: 9496.643 GC heap before
{Heap before GC invocations=49 (full 0):
 garbage-first heap   total 283648K, used 129072K [0x0000000080000000, 0x0000000100000000)
  region size 1024K, 13 young (13312K), 2 survivors (2048K)
 Metaspace       used 128519K, committed 129536K, reserved 1163264K
  class space    used 17300K, committed 17728K, reserved 1048576K
}
Event: 9496.692 GC heap after
{Heap after GC invocations=50 (full 0):
 garbage-first heap   total 283648K, used 113186K [0x0000000080000000, 0x0000000100000000)
  region size 1024K, 2 young (2048K), 2 survivors (2048K)
 Metaspace       used 128519K, committed 129536K, reserved 1163264K
  class space    used 17300K, committed 17728K, reserved 1048576K
}
Event: 9497.235 GC heap before
{Heap before GC invocations=50 (full 0):
 garbage-first heap   total 283648K, used 115234K [0x0000000080000000, 0x0000000100000000)
  region size 1024K, 5 young (5120K), 2 survivors (2048K)
 Metaspace       used 128522K, committed 129536K, reserved 1163264K
  class space    used 17300K, committed 17728K, reserved 1048576K
}
Event: 9497.250 GC heap after
{Heap after GC invocations=51 (full 0):
 garbage-first heap   total 283648K, used 114061K [0x0000000080000000, 0x0000000100000000)
  region size 1024K, 3 young (3072K), 3 survivors (3072K)
 Metaspace       used 128522K, committed 129536K, reserved 1163264K
  class space    used 17300K, committed 17728K, reserved 1048576K
}
Event: 9503.631 GC heap before
{Heap before GC invocations=52 (full 0):
 garbage-first heap   total 283648K, used 200077K [0x0000000080000000, 0x0000000100000000)
  region size 1024K, 83 young (84992K), 3 survivors (3072K)
 Metaspace       used 129051K, committed 129920K, reserved 1163264K
  class space    used 17327K, committed 17728K, reserved 1048576K
}
Event: 9503.743 GC heap after
{Heap after GC invocations=53 (full 0):
 garbage-first heap   total 283648K, used 125725K [0x0000000080000000, 0x0000000100000000)
  region size 1024K, 11 young (11264K), 11 survivors (11264K)
 Metaspace       used 129051K, committed 129920K, reserved 1163264K
  class space    used 17327K, committed 17728K, reserved 1048576K
}
Event: 9503.808 GC heap before
{Heap before GC invocations=53 (full 0):
 garbage-first heap   total 283648K, used 127773K [0x0000000080000000, 0x0000000100000000)
  region size 1024K, 13 young (13312K), 11 survivors (11264K)
 Metaspace       used 129082K, committed 129920K, reserved 1163264K
  class space    used 17333K, committed 17728K, reserved 1048576K
}
Event: 9503.937 GC heap after
{Heap after GC invocations=54 (full 0):
 garbage-first heap   total 283648K, used 125309K [0x0000000080000000, 0x0000000100000000)
  region size 1024K, 2 young (2048K), 2 survivors (2048K)
 Metaspace       used 129082K, committed 129920K, reserved 1163264K
  class space    used 17333K, committed 17728K, reserved 1048576K
}
Event: 9504.316 GC heap before
{Heap before GC invocations=54 (full 0):
 garbage-first heap   total 283648K, used 136573K [0x0000000080000000, 0x0000000100000000)
  region size 1024K, 13 young (13312K), 2 survivors (2048K)
 Metaspace       used 129093K, committed 129920K, reserved 1163264K
  class space    used 17333K, committed 17728K, reserved 1048576K
}
Event: 9504.327 GC heap after
{Heap after GC invocations=55 (full 0):
 garbage-first heap   total 283648K, used 126040K [0x0000000080000000, 0x0000000100000000)
  region size 1024K, 2 young (2048K), 2 survivors (2048K)
 Metaspace       used 129093K, committed 129920K, reserved 1163264K
  class space    used 17333K, committed 17728K, reserved 1048576K
}
Event: 9510.446 GC heap before
{Heap before GC invocations=55 (full 0):
 garbage-first heap   total 283648K, used 229464K [0x0000000080000000, 0x0000000100000000)
  region size 1024K, 103 young (105472K), 2 survivors (2048K)
 Metaspace       used 130654K, committed 131456K, reserved 1163264K
  class space    used 17361K, committed 17728K, reserved 1048576K
}

