# JRE version: OpenJDK Runtime Environment (17.0.6) (build 17.0.6+0-b2043.56-9586694)
# Java VM: OpenJDK 64-Bit Server VM (17.0.6+0-b2043.56-9586694, mixed mode, tiered, compressed oops, compressed class ptrs, g1 gc, windows-amd64)
GC Precious Log:
 CPUs: 4 total, 4 available
 Memory: 3819M
 Large Page Support: Disabled
 NUMA Support: Disabled
 Compressed Oops: Enabled (32-bit)
 Heap Region Size: 1M
 Heap Min Capacity: 8M
 Heap Initial Capacity: 60M
 Heap Max Capacity: 2G
 Pre-touch: Disabled
 Parallel Workers: 4
 Concurrent Workers: 1
 Concurrent Refinement Workers: 4
 Periodic GC: Disabled
Heap:
 garbage-first heap   total 104448K, used 81171K [0x0000000080000000, 0x0000000100000000)
  region size 1024K, 10 young (10240K), 3 survivors (3072K)
 Metaspace       used 83092K, committed 83712K, reserved 1122304K
  class space    used 11310K, committed 11584K, reserved 1048576K
GC Heap History (20 events):
Event: 29.893 GC heap before
{Heap before GC invocations=28 (full 0):
 garbage-first heap   total 104448K, used 79940K [0x0000000080000000, 0x0000000100000000)
  region size 1024K, 24 young (24576K), 1 survivors (1024K)
 Metaspace       used 68006K, committed 68544K, reserved 1114112K
  class space    used 8951K, committed 9216K, reserved 1048576K
}
Event: 29.902 GC heap after
{Heap after GC invocations=29 (full 0):
 garbage-first heap   total 104448K, used 58504K [0x0000000080000000, 0x0000000100000000)
  region size 1024K, 3 young (3072K), 3 survivors (3072K)
 Metaspace       used 68006K, committed 68544K, reserved 1114112K
  class space    used 8951K, committed 9216K, reserved 1048576K
}
Event: 31.609 GC heap before
{Heap before GC invocations=30 (full 0):
 garbage-first heap   total 104448K, used 82056K [0x0000000080000000, 0x0000000100000000)
  region size 1024K, 26 young (26624K), 3 survivors (3072K)
 Metaspace       used 70969K, committed 71552K, reserved 1114112K
  class space    used 9477K, committed 9728K, reserved 1048576K
}
Event: 31.619 GC heap after
{Heap after GC invocations=31 (full 0):
 garbage-first heap   total 104448K, used 59796K [0x0000000080000000, 0x0000000100000000)
  region size 1024K, 2 young (2048K), 2 survivors (2048K)
 Metaspace       used 70969K, committed 71552K, reserved 1114112K
  class space    used 9477K, committed 9728K, reserved 1048576K
}
Event: 32.285 GC heap before
{Heap before GC invocations=31 (full 0):
 garbage-first heap   total 104448K, used 62868K [0x0000000080000000, 0x0000000100000000)
  region size 1024K, 5 young (5120K), 2 survivors (2048K)
 Metaspace       used 71407K, committed 72000K, reserved 1114112K
  class space    used 9581K, committed 9856K, reserved 1048576K
}
Event: 32.289 GC heap after
{Heap after GC invocations=32 (full 0):
 garbage-first heap   total 104448K, used 59646K [0x0000000080000000, 0x0000000100000000)
  region size 1024K, 1 young (1024K), 1 survivors (1024K)
 Metaspace       used 71407K, committed 72000K, reserved 1114112K
  class space    used 9581K, committed 9856K, reserved 1048576K
}
Event: 35.715 GC heap before
{Heap before GC invocations=32 (full 0):
 garbage-first heap   total 104448K, used 83198K [0x0000000080000000, 0x0000000100000000)
  region size 1024K, 24 young (24576K), 1 survivors (1024K)
 Metaspace       used 73991K, committed 74560K, reserved 1114112K
  class space    used 9991K, committed 10240K, reserved 1048576K
}
Event: 35.720 GC heap after
{Heap after GC invocations=33 (full 0):
 garbage-first heap   total 104448K, used 61163K [0x0000000080000000, 0x0000000100000000)
  region size 1024K, 2 young (2048K), 2 survivors (2048K)
 Metaspace       used 73991K, committed 74560K, reserved 1114112K
  class space    used 9991K, committed 10240K, reserved 1048576K
}
Event: 40.215 GC heap before
{Heap before GC invocations=33 (full 0):
 garbage-first heap   total 104448K, used 84715K [0x0000000080000000, 0x0000000100000000)
  region size 1024K, 25 young (25600K), 2 survivors (2048K)
 Metaspace       used 76305K, committed 76864K, reserved 1122304K
  class space    used 10322K, committed 10560K, reserved 1048576K
}
Event: 40.225 GC heap after
{Heap after GC invocations=34 (full 0):
 garbage-first heap   total 104448K, used 63217K [0x0000000080000000, 0x0000000100000000)
  region size 1024K, 4 young (4096K), 4 survivors (4096K)
 Metaspace       used 76305K, committed 76864K, reserved 1122304K
  class space    used 10322K, committed 10560K, reserved 1048576K
}
Event: 43.170 GC heap before
{Heap before GC invocations=34 (full 0):
 garbage-first heap   total 104448K, used 85745K [0x0000000080000000, 0x0000000100000000)
  region size 1024K, 26 young (26624K), 4 survivors (4096K)
 Metaspace       used 78910K, committed 79488K, reserved 1122304K
  class space    used 10747K, committed 11008K, reserved 1048576K
}
Event: 43.189 GC heap after
{Heap after GC invocations=35 (full 0):
 garbage-first heap   total 104448K, used 64837K [0x0000000080000000, 0x0000000100000000)
  region size 1024K, 4 young (4096K), 4 survivors (4096K)
 Metaspace       used 78910K, committed 79488K, reserved 1122304K
  class space    used 10747K, committed 11008K, reserved 1048576K
}
Event: 46.582 GC heap before
{Heap before GC invocations=35 (full 0):
 garbage-first heap   total 104448K, used 86341K [0x0000000080000000, 0x0000000100000000)
  region size 1024K, 25 young (25600K), 4 survivors (4096K)
 Metaspace       used 81519K, committed 82112K, reserved 1122304K
  class space    used 11067K, committed 11328K, reserved 1048576K
}
Event: 46.640 GC heap after
{Heap after GC invocations=36 (full 0):
 garbage-first heap   total 104448K, used 66763K [0x0000000080000000, 0x0000000100000000)
  region size 1024K, 4 young (4096K), 4 survivors (4096K)
 Metaspace       used 81519K, committed 82112K, reserved 1122304K
  class space    used 11067K, committed 11328K, reserved 1048576K
}
Event: 48.554 GC heap before
{Heap before GC invocations=36 (full 0):
 garbage-first heap   total 104448K, used 86219K [0x0000000080000000, 0x0000000100000000)
  region size 1024K, 23 young (23552K), 4 survivors (4096K)
 Metaspace       used 82530K, committed 83136K, reserved 1122304K
  class space    used 11209K, committed 11456K, reserved 1048576K
}
Event: 48.644 GC heap after
{Heap after GC invocations=37 (full 0):
 garbage-first heap   total 104448K, used 69081K [0x0000000080000000, 0x0000000100000000)
  region size 1024K, 3 young (3072K), 3 survivors (3072K)
 Metaspace       used 82530K, committed 83136K, reserved 1122304K
  class space    used 11209K, committed 11456K, reserved 1048576K
}
Event: 49.373 GC heap before
{Heap before GC invocations=37 (full 0):
 garbage-first heap   total 104448K, used 86489K [0x0000000080000000, 0x0000000100000000)
  region size 1024K, 20 young (20480K), 3 survivors (3072K)
 Metaspace       used 82563K, committed 83136K, reserved 1122304K
  class space    used 11211K, committed 11456K, reserved 1048576K
}
Event: 49.448 GC heap after
{Heap after GC invocations=38 (full 0):
 garbage-first heap   total 104448K, used 72094K [0x0000000080000000, 0x0000000100000000)
  region size 1024K, 3 young (3072K), 3 survivors (3072K)
 Metaspace       used 82563K, committed 83136K, reserved 1122304K
  class space    used 11211K, committed 11456K, reserved 1048576K
}
Event: 49.811 GC heap before
{Heap before GC invocations=38 (full 0):
 garbage-first heap   total 104448K, used 86430K [0x0000000080000000, 0x0000000100000000)
  region size 1024K, 17 young (17408K), 3 survivors (3072K)
 Metaspace       used 82601K, committed 83200K, reserved 1122304K
  class space    used 11214K, committed 11456K, reserved 1048576K
}
Event: 49.824 GC heap after
{Heap after GC invocations=39 (full 0):
 garbage-first heap   total 104448K, used 75027K [0x0000000080000000, 0x0000000100000000)
  region size 1024K, 3 young (3072K), 3 survivors (3072K)
 Metaspace       used 82601K, committed 83200K, reserved 1122304K
  class space    used 11214K, committed 11456K, reserved 1048576K
}

