# JRE version: OpenJDK Runtime Environment (17.0.6) (build 17.0.6+0-b2043.56-9586694)
# Java VM: OpenJDK 64-Bit Server VM (17.0.6+0-b2043.56-9586694, mixed mode, tiered, compressed oops, compressed class ptrs, g1 gc, windows-amd64)
GC Precious Log:
 CPUs: 4 total, 4 available
 Memory: 3819M
 Large Page Support: Disabled
 NUMA Support: Disabled
 Compressed Oops: Enabled (32-bit)
 Heap Region Size: 1M
 Heap Min Capacity: 8M
 Heap Initial Capacity: 60M
 Heap Max Capacity: 2G
 Pre-touch: Disabled
 Parallel Workers: 4
 Concurrent Workers: 1
 Concurrent Refinement Workers: 4
 Periodic GC: Disabled
Heap:
 garbage-first heap   total 81920K, used 61123K [0x0000000080000000, 0x0000000100000000)
  region size 1024K, 11 young (11264K), 2 survivors (2048K)
 Metaspace       used 62801K, committed 63360K, reserved 1105920K
  class space    used 8277K, committed 8576K, reserved 1048576K
GC Heap History (20 events):
Event: 30.086 GC heap before
{Heap before GC invocations=23 (full 0):
 garbage-first heap   total 63488K, used 46940K [0x0000000080000000, 0x0000000100000000)
  region size 1024K, 15 young (15360K), 3 survivors (3072K)
 Metaspace       used 52052K, committed 52480K, reserved 1097728K
  class space    used 6858K, committed 7040K, reserved 1048576K
}
Event: 30.090 GC heap after
{Heap after GC invocations=24 (full 0):
 garbage-first heap   total 63488K, used 38010K [0x0000000080000000, 0x0000000100000000)
  region size 1024K, 2 young (2048K), 2 survivors (2048K)
 Metaspace       used 52052K, committed 52480K, reserved 1097728K
  class space    used 6858K, committed 7040K, reserved 1048576K
}
Event: 30.189 GC heap before
{Heap before GC invocations=25 (full 0):
 garbage-first heap   total 68608K, used 40058K [0x0000000080000000, 0x0000000100000000)
  region size 1024K, 4 young (4096K), 2 survivors (2048K)
 Metaspace       used 52138K, committed 52544K, reserved 1097728K
  class space    used 6865K, committed 7040K, reserved 1048576K
}
Event: 30.192 GC heap after
{Heap after GC invocations=26 (full 0):
 garbage-first heap   total 68608K, used 40142K [0x0000000080000000, 0x0000000100000000)
  region size 1024K, 2 young (2048K), 2 survivors (2048K)
 Metaspace       used 52138K, committed 52544K, reserved 1097728K
  class space    used 6865K, committed 7040K, reserved 1048576K
}
Event: 30.385 GC heap before
{Heap before GC invocations=27 (full 0):
 garbage-first heap   total 71680K, used 43214K [0x0000000080000000, 0x0000000100000000)
  region size 1024K, 6 young (6144K), 2 survivors (2048K)
 Metaspace       used 52148K, committed 52608K, reserved 1097728K
  class space    used 6865K, committed 7040K, reserved 1048576K
}
Event: 30.388 GC heap after
{Heap after GC invocations=28 (full 0):
 garbage-first heap   total 71680K, used 43862K [0x0000000080000000, 0x0000000100000000)
  region size 1024K, 2 young (2048K), 2 survivors (2048K)
 Metaspace       used 52148K, committed 52608K, reserved 1097728K
  class space    used 6865K, committed 7040K, reserved 1048576K
}
Event: 30.795 GC heap before
{Heap before GC invocations=29 (full 0):
 garbage-first heap   total 76800K, used 52054K [0x0000000080000000, 0x0000000100000000)
  region size 1024K, 10 young (10240K), 2 survivors (2048K)
 Metaspace       used 53056K, committed 53504K, reserved 1097728K
  class space    used 6975K, committed 7168K, reserved 1048576K
}
Event: 30.797 GC heap after
{Heap after GC invocations=30 (full 0):
 garbage-first heap   total 76800K, used 45741K [0x0000000080000000, 0x0000000100000000)
  region size 1024K, 2 young (2048K), 2 survivors (2048K)
 Metaspace       used 53056K, committed 53504K, reserved 1097728K
  class space    used 6975K, committed 7168K, reserved 1048576K
}
Event: 31.000 GC heap before
{Heap before GC invocations=30 (full 0):
 garbage-first heap   total 76800K, used 53933K [0x0000000080000000, 0x0000000100000000)
  region size 1024K, 11 young (11264K), 2 survivors (2048K)
 Metaspace       used 54219K, committed 54656K, reserved 1097728K
  class space    used 7151K, committed 7360K, reserved 1048576K
}
Event: 31.002 GC heap after
{Heap after GC invocations=31 (full 0):
 garbage-first heap   total 76800K, used 46331K [0x0000000080000000, 0x0000000100000000)
  region size 1024K, 1 young (1024K), 1 survivors (1024K)
 Metaspace       used 54219K, committed 54656K, reserved 1097728K
  class space    used 7151K, committed 7360K, reserved 1048576K
}
Event: 31.962 GC heap before
{Heap before GC invocations=32 (full 0):
 garbage-first heap   total 81920K, used 55547K [0x0000000080000000, 0x0000000100000000)
  region size 1024K, 11 young (11264K), 1 survivors (1024K)
 Metaspace       used 55648K, committed 56128K, reserved 1097728K
  class space    used 7357K, committed 7552K, reserved 1048576K
}
Event: 31.964 GC heap after
{Heap after GC invocations=33 (full 0):
 garbage-first heap   total 81920K, used 46811K [0x0000000080000000, 0x0000000100000000)
  region size 1024K, 1 young (1024K), 1 survivors (1024K)
 Metaspace       used 55648K, committed 56128K, reserved 1097728K
  class space    used 7357K, committed 7552K, reserved 1048576K
}
Event: 32.432 GC heap before
{Heap before GC invocations=33 (full 0):
 garbage-first heap   total 81920K, used 60123K [0x0000000080000000, 0x0000000100000000)
  region size 1024K, 14 young (14336K), 1 survivors (1024K)
 Metaspace       used 58142K, committed 58624K, reserved 1105920K
  class space    used 7647K, committed 7872K, reserved 1048576K
}
Event: 32.436 GC heap after
{Heap after GC invocations=34 (full 0):
 garbage-first heap   total 81920K, used 47153K [0x0000000080000000, 0x0000000100000000)
  region size 1024K, 2 young (2048K), 2 survivors (2048K)
 Metaspace       used 58142K, committed 58624K, reserved 1105920K
  class space    used 7647K, committed 7872K, reserved 1048576K
}
Event: 35.011 GC heap before
{Heap before GC invocations=35 (full 0):
 garbage-first heap   total 81920K, used 61489K [0x0000000080000000, 0x0000000100000000)
  region size 1024K, 16 young (16384K), 2 survivors (2048K)
 Metaspace       used 60673K, committed 61120K, reserved 1105920K
  class space    used 8012K, committed 8192K, reserved 1048576K
}
Event: 35.015 GC heap after
{Heap after GC invocations=36 (full 0):
 garbage-first heap   total 81920K, used 48121K [0x0000000080000000, 0x0000000100000000)
  region size 1024K, 2 young (2048K), 2 survivors (2048K)
 Metaspace       used 60673K, committed 61120K, reserved 1105920K
  class space    used 8012K, committed 8192K, reserved 1048576K
}
Event: 36.451 GC heap before
{Heap before GC invocations=36 (full 0):
 garbage-first heap   total 81920K, used 50169K [0x0000000080000000, 0x0000000100000000)
  region size 1024K, 4 young (4096K), 2 survivors (2048K)
 Metaspace       used 60862K, committed 61376K, reserved 1105920K
  class space    used 8047K, committed 8256K, reserved 1048576K
}
Event: 36.454 GC heap after
{Heap after GC invocations=37 (full 0):
 garbage-first heap   total 81920K, used 47632K [0x0000000080000000, 0x0000000100000000)
  region size 1024K, 1 young (1024K), 1 survivors (1024K)
 Metaspace       used 60862K, committed 61376K, reserved 1105920K
  class space    used 8047K, committed 8256K, reserved 1048576K
}
Event: 36.721 GC heap before
{Heap before GC invocations=37 (full 0):
 garbage-first heap   total 81920K, used 54800K [0x0000000080000000, 0x0000000100000000)
  region size 1024K, 10 young (10240K), 1 survivors (1024K)
 Metaspace       used 62797K, committed 63360K, reserved 1105920K
  class space    used 8277K, committed 8576K, reserved 1048576K
}
Event: 36.724 GC heap after
{Heap after GC invocations=38 (full 0):
 garbage-first heap   total 81920K, used 48835K [0x0000000080000000, 0x0000000100000000)
  region size 1024K, 2 young (2048K), 2 survivors (2048K)
 Metaspace       used 62797K, committed 63360K, reserved 1105920K
  class space    used 8277K, committed 8576K, reserved 1048576K
}

