# JRE version: OpenJDK Runtime Environment (17.0.6) (build 17.0.6+0-b2043.56-9586694)
# Java VM: OpenJDK 64-Bit Server VM (17.0.6+0-b2043.56-9586694, mixed mode, tiered, compressed oops, compressed class ptrs, g1 gc, windows-amd64)
GC Precious Log:
 CPUs: 4 total, 4 available
 Memory: 3819M
 Large Page Support: Disabled
 NUMA Support: Disabled
 Compressed Oops: Enabled (32-bit)
 Heap Region Size: 1M
 Heap Min Capacity: 8M
 Heap Initial Capacity: 60M
 Heap Max Capacity: 2G
 Pre-touch: Disabled
 Parallel Workers: 4
 Concurrent Workers: 1
 Concurrent Refinement Workers: 4
 Periodic GC: Disabled
Heap:
 garbage-first heap   total 122880K, used 62836K [0x0000000080000000, 0x0000000100000000)
  region size 1024K, 5 young (5120K), 5 survivors (5120K)
 Metaspace       used 76608K, committed 77184K, reserved 1122304K
  class space    used 10371K, committed 10624K, reserved 1048576K
GC Heap History (20 events):
Event: 29.014 GC heap after
{Heap after GC invocations=31 (full 0):
 garbage-first heap   total 86016K, used 49697K [0x0000000080000000, 0x0000000100000000)
  region size 1024K, 1 young (1024K), 1 survivors (1024K)
 Metaspace       used 62741K, committed 63232K, reserved 1105920K
  class space    used 8270K, committed 8512K, reserved 1048576K
}
Event: 29.038 GC heap before
{Heap before GC invocations=31 (full 0):
 garbage-first heap   total 86016K, used 52769K [0x0000000080000000, 0x0000000100000000)
  region size 1024K, 5 young (5120K), 1 survivors (1024K)
 Metaspace       used 62741K, committed 63232K, reserved 1105920K
  class space    used 8270K, committed 8512K, reserved 1048576K
}
Event: 29.043 GC heap after
{Heap after GC invocations=32 (full 0):
 garbage-first heap   total 86016K, used 51796K [0x0000000080000000, 0x0000000100000000)
  region size 1024K, 2 young (2048K), 2 survivors (2048K)
 Metaspace       used 62741K, committed 63232K, reserved 1105920K
  class space    used 8270K, committed 8512K, reserved 1048576K
}
Event: 29.365 GC heap before
{Heap before GC invocations=33 (full 0):
 garbage-first heap   total 102400K, used 58964K [0x0000000080000000, 0x0000000100000000)
  region size 1024K, 8 young (8192K), 2 survivors (2048K)
 Metaspace       used 62749K, committed 63232K, reserved 1105920K
  class space    used 8270K, committed 8512K, reserved 1048576K
}
Event: 29.371 GC heap after
{Heap after GC invocations=34 (full 0):
 garbage-first heap   total 102400K, used 55275K [0x0000000080000000, 0x0000000100000000)
  region size 1024K, 2 young (2048K), 2 survivors (2048K)
 Metaspace       used 62749K, committed 63232K, reserved 1105920K
  class space    used 8270K, committed 8512K, reserved 1048576K
}
Event: 30.339 GC heap before
{Heap before GC invocations=35 (full 0):
 garbage-first heap   total 102400K, used 73707K [0x0000000080000000, 0x0000000100000000)
  region size 1024K, 18 young (18432K), 2 survivors (2048K)
 Metaspace       used 64443K, committed 64896K, reserved 1105920K
  class space    used 8475K, committed 8704K, reserved 1048576K
}
Event: 30.343 GC heap after
{Heap after GC invocations=36 (full 0):
 garbage-first heap   total 102400K, used 54857K [0x0000000080000000, 0x0000000100000000)
  region size 1024K, 2 young (2048K), 2 survivors (2048K)
 Metaspace       used 64443K, committed 64896K, reserved 1105920K
  class space    used 8475K, committed 8704K, reserved 1048576K
}
Event: 30.472 GC heap before
{Heap before GC invocations=36 (full 0):
 garbage-first heap   total 102400K, used 57929K [0x0000000080000000, 0x0000000100000000)
  region size 1024K, 5 young (5120K), 2 survivors (2048K)
 Metaspace       used 64677K, committed 65216K, reserved 1105920K
  class space    used 8514K, committed 8768K, reserved 1048576K
}
Event: 30.482 GC heap after
{Heap after GC invocations=37 (full 0):
 garbage-first heap   total 102400K, used 55012K [0x0000000080000000, 0x0000000100000000)
  region size 1024K, 1 young (1024K), 1 survivors (1024K)
 Metaspace       used 64677K, committed 65216K, reserved 1105920K
  class space    used 8514K, committed 8768K, reserved 1048576K
}
Event: 31.106 GC heap before
{Heap before GC invocations=37 (full 0):
 garbage-first heap   total 102400K, used 73444K [0x0000000080000000, 0x0000000100000000)
  region size 1024K, 19 young (19456K), 1 survivors (1024K)
 Metaspace       used 65926K, committed 66432K, reserved 1114112K
  class space    used 8663K, committed 8896K, reserved 1048576K
}
Event: 31.115 GC heap after
{Heap after GC invocations=38 (full 0):
 garbage-first heap   total 122880K, used 56396K [0x0000000080000000, 0x0000000100000000)
  region size 1024K, 2 young (2048K), 2 survivors (2048K)
 Metaspace       used 65926K, committed 66432K, reserved 1114112K
  class space    used 8663K, committed 8896K, reserved 1048576K
}
Event: 32.151 GC heap before
{Heap before GC invocations=39 (full 0):
 garbage-first heap   total 122880K, used 83020K [0x0000000080000000, 0x0000000100000000)
  region size 1024K, 31 young (31744K), 2 survivors (2048K)
 Metaspace       used 67841K, committed 68352K, reserved 1114112K
  class space    used 8927K, committed 9152K, reserved 1048576K
}
Event: 32.164 GC heap after
{Heap after GC invocations=40 (full 0):
 garbage-first heap   total 122880K, used 55360K [0x0000000080000000, 0x0000000100000000)
  region size 1024K, 4 young (4096K), 4 survivors (4096K)
 Metaspace       used 67841K, committed 68352K, reserved 1114112K
  class space    used 8927K, committed 9152K, reserved 1048576K
}
Event: 32.193 GC heap before
{Heap before GC invocations=40 (full 0):
 garbage-first heap   total 122880K, used 57408K [0x0000000080000000, 0x0000000100000000)
  region size 1024K, 6 young (6144K), 4 survivors (4096K)
 Metaspace       used 67841K, committed 68352K, reserved 1114112K
  class space    used 8927K, committed 9152K, reserved 1048576K
}
Event: 32.206 GC heap after
{Heap after GC invocations=41 (full 0):
 garbage-first heap   total 122880K, used 55460K [0x0000000080000000, 0x0000000100000000)
  region size 1024K, 1 young (1024K), 1 survivors (1024K)
 Metaspace       used 67841K, committed 68352K, reserved 1114112K
  class space    used 8927K, committed 9152K, reserved 1048576K
}
Event: 33.049 GC heap before
{Heap before GC invocations=41 (full 0):
 garbage-first heap   total 122880K, used 88228K [0x0000000080000000, 0x0000000100000000)
  region size 1024K, 33 young (33792K), 1 survivors (1024K)
 Metaspace       used 69403K, committed 70016K, reserved 1114112K
  class space    used 9149K, committed 9408K, reserved 1048576K
}
Event: 33.059 GC heap after
{Heap after GC invocations=42 (full 0):
 garbage-first heap   total 122880K, used 57729K [0x0000000080000000, 0x0000000100000000)
  region size 1024K, 3 young (3072K), 3 survivors (3072K)
 Metaspace       used 69403K, committed 70016K, reserved 1114112K
  class space    used 9149K, committed 9408K, reserved 1048576K
}
Event: 35.192 GC heap before
{Heap before GC invocations=42 (full 0):
 garbage-first heap   total 122880K, used 92545K [0x0000000080000000, 0x0000000100000000)
  region size 1024K, 37 young (37888K), 3 survivors (3072K)
 Metaspace       used 73677K, committed 74240K, reserved 1114112K
  class space    used 9947K, committed 10176K, reserved 1048576K
}
Event: 35.216 GC heap after
{Heap after GC invocations=43 (full 0):
 garbage-first heap   total 122880K, used 60029K [0x0000000080000000, 0x0000000100000000)
  region size 1024K, 3 young (3072K), 3 survivors (3072K)
 Metaspace       used 73677K, committed 74240K, reserved 1114112K
  class space    used 9947K, committed 10176K, reserved 1048576K
}
Event: 37.298 GC heap before
{Heap before GC invocations=43 (full 0):
 garbage-first heap   total 122880K, used 93821K [0x0000000080000000, 0x0000000100000000)
  region size 1024K, 36 young (36864K), 3 survivors (3072K)
 Metaspace       used 76608K, committed 77184K, reserved 1122304K
  class space    used 10371K, committed 10624K, reserved 1048576K
}

