# JRE version: OpenJDK Runtime Environment (17.0.6) (build 17.0.6+0-b2043.56-9586694)
# Java VM: OpenJDK 64-Bit Server VM (17.0.6+0-b2043.56-9586694, mixed mode, tiered, compressed oops, compressed class ptrs, g1 gc, windows-amd64)
GC Precious Log:
 CPUs: 4 total, 4 available
 Memory: 3819M
 Large Page Support: Disabled
 NUMA Support: Disabled
 Compressed Oops: Enabled (32-bit)
 Heap Region Size: 1M
 Heap Min Capacity: 8M
 Heap Initial Capacity: 60M
 Heap Max Capacity: 2G
 Pre-touch: Disabled
 Parallel Workers: 4
 Concurrent Workers: 1
 Concurrent Refinement Workers: 4
 Periodic GC: Disabled
Heap:
 garbage-first heap   total 99328K, used 73657K [0x0000000080000000, 0x0000000100000000)
  region size 1024K, 24 young (24576K), 1 survivors (1024K)
 Metaspace       used 66943K, committed 67520K, reserved 1114112K
  class space    used 8780K, committed 9024K, reserved 1048576K
GC Heap History (20 events):
Event: 30.130 GC heap before
{Heap before GC invocations=18 (full 0):
 garbage-first heap   total 61440K, used 50287K [0x0000000080000000, 0x0000000100000000)
  region size 1024K, 17 young (17408K), 2 survivors (2048K)
 Metaspace       used 48766K, committed 49152K, reserved 1097728K
  class space    used 6429K, committed 6592K, reserved 1048576K
}
Event: 30.138 GC heap after
{Heap after GC invocations=19 (full 0):
 garbage-first heap   total 61440K, used 34281K [0x0000000080000000, 0x0000000100000000)
  region size 1024K, 1 young (1024K), 1 survivors (1024K)
 Metaspace       used 48766K, committed 49152K, reserved 1097728K
  class space    used 6429K, committed 6592K, reserved 1048576K
}
Event: 31.095 GC heap before
{Heap before GC invocations=19 (full 0):
 garbage-first heap   total 61440K, used 49641K [0x0000000080000000, 0x0000000100000000)
  region size 1024K, 16 young (16384K), 1 survivors (1024K)
 Metaspace       used 50900K, committed 51328K, reserved 1097728K
  class space    used 6733K, committed 6912K, reserved 1048576K
}
Event: 31.103 GC heap after
{Heap after GC invocations=20 (full 0):
 garbage-first heap   total 61440K, used 34874K [0x0000000080000000, 0x0000000100000000)
  region size 1024K, 2 young (2048K), 2 survivors (2048K)
 Metaspace       used 50900K, committed 51328K, reserved 1097728K
  class space    used 6733K, committed 6912K, reserved 1048576K
}
Event: 32.506 GC heap before
{Heap before GC invocations=21 (full 0):
 garbage-first heap   total 61440K, used 50234K [0x0000000080000000, 0x0000000100000000)
  region size 1024K, 17 young (17408K), 2 survivors (2048K)
 Metaspace       used 51634K, committed 52032K, reserved 1097728K
  class space    used 6807K, committed 6976K, reserved 1048576K
}
Event: 32.517 GC heap after
{Heap after GC invocations=22 (full 0):
 garbage-first heap   total 61440K, used 36471K [0x0000000080000000, 0x0000000100000000)
  region size 1024K, 3 young (3072K), 3 survivors (3072K)
 Metaspace       used 51634K, committed 52032K, reserved 1097728K
  class space    used 6807K, committed 6976K, reserved 1048576K
}
Event: 32.575 GC heap before
{Heap before GC invocations=22 (full 0):
 garbage-first heap   total 61440K, used 37495K [0x0000000080000000, 0x0000000100000000)
  region size 1024K, 4 young (4096K), 3 survivors (3072K)
 Metaspace       used 51657K, committed 52096K, reserved 1097728K
  class space    used 6807K, committed 6976K, reserved 1048576K
}
Event: 32.587 GC heap after
{Heap after GC invocations=23 (full 0):
 garbage-first heap   total 61440K, used 36392K [0x0000000080000000, 0x0000000100000000)
  region size 1024K, 1 young (1024K), 1 survivors (1024K)
 Metaspace       used 51657K, committed 52096K, reserved 1097728K
  class space    used 6807K, committed 6976K, reserved 1048576K
}
Event: 34.056 GC heap before
{Heap before GC invocations=23 (full 0):
 garbage-first heap   total 61440K, used 45608K [0x0000000080000000, 0x0000000100000000)
  region size 1024K, 12 young (12288K), 1 survivors (1024K)
 Metaspace       used 52066K, committed 52480K, reserved 1097728K
  class space    used 6853K, committed 7040K, reserved 1048576K
}
Event: 34.062 GC heap after
{Heap after GC invocations=24 (full 0):
 garbage-first heap   total 96256K, used 37274K [0x0000000080000000, 0x0000000100000000)
  region size 1024K, 2 young (2048K), 2 survivors (2048K)
 Metaspace       used 52066K, committed 52480K, reserved 1097728K
  class space    used 6853K, committed 7040K, reserved 1048576K
}
Event: 36.393 GC heap before
{Heap before GC invocations=24 (full 0):
 garbage-first heap   total 96256K, used 76186K [0x0000000080000000, 0x0000000100000000)
  region size 1024K, 38 young (38912K), 2 survivors (2048K)
 Metaspace       used 56072K, committed 56576K, reserved 1105920K
  class space    used 7407K, committed 7616K, reserved 1048576K
}
Event: 36.405 GC heap after
{Heap after GC invocations=25 (full 0):
 garbage-first heap   total 96256K, used 45725K [0x0000000080000000, 0x0000000100000000)
  region size 1024K, 5 young (5120K), 5 survivors (5120K)
 Metaspace       used 56072K, committed 56576K, reserved 1105920K
  class space    used 7407K, committed 7616K, reserved 1048576K
}
Event: 38.511 GC heap before
{Heap before GC invocations=25 (full 0):
 garbage-first heap   total 96256K, used 75421K [0x0000000080000000, 0x0000000100000000)
  region size 1024K, 34 young (34816K), 5 survivors (5120K)
 Metaspace       used 61312K, committed 61824K, reserved 1105920K
  class space    used 8098K, committed 8320K, reserved 1048576K
}
Event: 38.525 GC heap after
{Heap after GC invocations=26 (full 0):
 garbage-first heap   total 96256K, used 47015K [0x0000000080000000, 0x0000000100000000)
  region size 1024K, 2 young (2048K), 2 survivors (2048K)
 Metaspace       used 61312K, committed 61824K, reserved 1105920K
  class space    used 8098K, committed 8320K, reserved 1048576K
}
Event: 39.389 GC heap before
{Heap before GC invocations=26 (full 0):
 garbage-first heap   total 96256K, used 51111K [0x0000000080000000, 0x0000000100000000)
  region size 1024K, 8 young (8192K), 2 survivors (2048K)
 Metaspace       used 62841K, committed 63360K, reserved 1105920K
  class space    used 8269K, committed 8512K, reserved 1048576K
}
Event: 39.396 GC heap after
{Heap after GC invocations=27 (full 0):
 garbage-first heap   total 96256K, used 48212K [0x0000000080000000, 0x0000000100000000)
  region size 1024K, 3 young (3072K), 3 survivors (3072K)
 Metaspace       used 62841K, committed 63360K, reserved 1105920K
  class space    used 8269K, committed 8512K, reserved 1048576K
}
Event: 43.258 GC heap before
{Heap before GC invocations=28 (full 0):
 garbage-first heap   total 99328K, used 84052K [0x0000000080000000, 0x0000000100000000)
  region size 1024K, 32 young (32768K), 3 survivors (3072K)
 Metaspace       used 64948K, committed 65536K, reserved 1114112K
  class space    used 8542K, committed 8832K, reserved 1048576K
}
Event: 43.292 GC heap after
{Heap after GC invocations=29 (full 0):
 garbage-first heap   total 99328K, used 51046K [0x0000000080000000, 0x0000000100000000)
  region size 1024K, 4 young (4096K), 4 survivors (4096K)
 Metaspace       used 64948K, committed 65536K, reserved 1114112K
  class space    used 8542K, committed 8832K, reserved 1048576K
}
Event: 43.376 GC heap before
{Heap before GC invocations=29 (full 0):
 garbage-first heap   total 99328K, used 52070K [0x0000000080000000, 0x0000000100000000)
  region size 1024K, 5 young (5120K), 4 survivors (4096K)
 Metaspace       used 65039K, committed 65600K, reserved 1114112K
  class space    used 8556K, committed 8832K, reserved 1048576K
}
Event: 43.395 GC heap after
{Heap after GC invocations=30 (full 0):
 garbage-first heap   total 99328K, used 51129K [0x0000000080000000, 0x0000000100000000)
  region size 1024K, 1 young (1024K), 1 survivors (1024K)
 Metaspace       used 65039K, committed 65600K, reserved 1114112K
  class space    used 8556K, committed 8832K, reserved 1048576K
}

